<?xml version="1.0" encoding="UTF-8"?>
<!-- Generated by org.testng.reporters.JUnitReportReporter -->
<testsuite skipped="1" hostname="Nas" name="reqres.YouTubePOST" tests="2" failures="0" timestamp="2021-12-07T23:48:46 EST" time="0.019" errors="0">
  <testcase name="jsonManupulation" time="0.019" classname="reqres.YouTubePOST"/>
  <system-out/>
  <testcase name="postYouTube" classname="reqres.YouTubePOST">
    <skipped/>
  </testcase> <!-- postYouTube -->
  <system-out/>
</testsuite> <!-- reqres.YouTubePOST -->
