<?xml version="1.0" encoding="UTF-8"?>
<!-- Generated by org.testng.reporters.JUnitReportReporter -->
<testsuite skipped="0" hostname="Nas" name="reqres.TestApi" tests="1" failures="0" timestamp="2021-12-07T23:55:16 EST" time="3.342" errors="0">
  <testcase name="reqResGetUsers" time="3.342" classname="reqres.TestApi"/>
  <system-out/>
</testsuite> <!-- reqres.TestApi -->
